<?xml version="1.0" encoding="UTF-8"?>
<!-- Generated by org.testng.reporters.JUnitXMLReporter -->
<testsuite ignored="0" hostname="Sonu" failures="0" tests="4" name="Default test" time="0.417" errors="0" timestamp="2023-06-25T19:12:22 IST">
  <testcase classname="testNg.DataproviderExcel" name="showData" time="0.006"/>
  <testcase classname="testNg.DataproviderExcel" name="showData" time="0.0"/>
  <testcase classname="testNg.DataproviderExcel" name="showData" time="0.0"/>
  <testcase classname="testNg.DataproviderExcel" name="showData" time="0.0"/>
</testsuite> <!-- Default test -->
