<?xml version="1.0" encoding="UTF-8"?>
<testng-results ignored="0" total="1" passed="1" failed="0" skipped="0">
  <reporter-output>
  </reporter-output>
  <suite started-at="2023-06-22T23:13:53 IST" name="Suite" finished-at="2023-06-22T23:13:53 IST" duration-ms="39">
    <groups>
    </groups>
    <test started-at="2023-06-22T23:13:53 IST" name="Test" finished-at="2023-06-22T23:13:53 IST" duration-ms="39">
      <class name="testNg.Parametrisation">
        <test-method signature="getData(java.lang.String,java.lang.String)[pri:0, instance:testNg.Parametrisation@4229bb3f]" started-at="2023-06-22T23:13:53 IST" name="getData" finished-at="2023-06-22T23:13:53 IST" duration-ms="7" status="PASS">
          <params>
            <param index="0">
              <value>
                <![CDATA[samjhe]]>
              </value>
            </param>
            <param index="1">
              <value>
                <![CDATA[ha samajh gaye]]>
              </value>
            </param>
          </params>
          <reporter-output>
          </reporter-output>
        </test-method> <!-- getData -->
      </class> <!-- testNg.Parametrisation -->
    </test> <!-- Test -->
  </suite> <!-- Suite -->
</testng-results>
