<?xml version="1.0" encoding="UTF-8"?>
<!-- Generated by org.testng.reporters.JUnitXMLReporter -->
<testsuite ignored="2" hostname="Sonu" failures="0" tests="1" name="1Test" time="8.513" errors="0" timestamp="2023-06-22T23:38:38 IST">
  <testcase classname="testNg.ParallelExecution" name="runInChrome" time="8.477"/>
  <testcase classname="testNg.ParallelExecution" name="runInFirefox" time="0.0">
    <ignored/>
  </testcase> <!-- runInFirefox -->
  <testcase classname="testNg.ParallelExecution" name="runInEdge" time="0.0">
    <ignored/>
  </testcase> <!-- runInEdge -->
</testsuite> <!-- 1Test -->
