<?xml version="1.0" encoding="UTF-8"?>
<!-- Generated by org.testng.reporters.JUnitXMLReporter -->
<testsuite ignored="2" hostname="Sonu" failures="0" tests="1" name="1Test" time="4.579" errors="0" timestamp="2023-06-24T16:28:54 IST">
  <testcase classname="testNg.ParallelExecution" name="runInChrome" time="4.538"/>
  <testcase classname="testNg.ParallelExecution" name="runInFirefox" time="0.0">
    <ignored/>
  </testcase> <!-- runInFirefox -->
  <testcase classname="testNg.ParallelExecution" name="runInEdge" time="0.0">
    <ignored/>
  </testcase> <!-- runInEdge -->
</testsuite> <!-- 1Test -->
