<?xml version="1.0" encoding="UTF-8"?>
<!-- Generated by org.testng.reporters.JUnitXMLReporter -->
<testsuite ignored="2" hostname="Sonu" failures="0" tests="1" name="3Test" time="4.255" errors="0" timestamp="2023-06-22T23:38:34 IST">
  <testcase classname="testNg.ParallelExecution" name="runInFirefox" time="4.214"/>
  <testcase classname="testNg.ParallelExecution" name="runInChrome" time="0.0">
    <ignored/>
  </testcase> <!-- runInChrome -->
  <testcase classname="testNg.ParallelExecution" name="runInEdge" time="0.0">
    <ignored/>
  </testcase> <!-- runInEdge -->
</testsuite> <!-- 3Test -->
